[0221/131914.616:ERROR:process_reader_win.cc(123)] NtOpenThread: {Acesso Negado} Um processo solicitou acesso a um objeto, mas o direito de acesso não lhe foi concedido. (0xc0000022)
[0221/131914.616:ERROR:process_reader_win.cc(123)] NtOpenThread: {Acesso Negado} Um processo solicitou acesso a um objeto, mas o direito de acesso não lhe foi concedido. (0xc0000022)
[0221/131914.625:ERROR:exception_snapshot_win.cc(88)] thread ID 11988 not found in process
[0221/131914.625:ERROR:exception_snapshot_win.cc(88)] thread ID 12944 not found in process
[0221/131914.625:WARNING:crash_report_exception_handler.cc(62)] ProcessSnapshotWin::Initialize failed
[0221/131914.625:WARNING:crash_report_exception_handler.cc(62)] ProcessSnapshotWin::Initialize failed
[0221/132234.694:ERROR:process_reader_win.cc(123)] NtOpenThread: {Acesso Negado} Um processo solicitou acesso a um objeto, mas o direito de acesso não lhe foi concedido. (0xc0000022)
[0221/132234.696:ERROR:exception_snapshot_win.cc(88)] thread ID 13072 not found in process
[0221/132234.696:WARNING:crash_report_exception_handler.cc(62)] ProcessSnapshotWin::Initialize failed
[0221/132234.695:ERROR:process_reader_win.cc(123)] NtOpenThread: {Acesso Negado} Um processo solicitou acesso a um objeto, mas o direito de acesso não lhe foi concedido. (0xc0000022)
[0221/132234.696:ERROR:exception_snapshot_win.cc(88)] thread ID 12152 not found in process
[0221/132234.696:WARNING:crash_report_exception_handler.cc(62)] ProcessSnapshotWin::Initialize failed
[0221/140803.494:ERROR:prune_crash_reports.cc(34)] PruneCrashReportDatabase: Failed to get pending reports
[0222/105350.213:ERROR:process_reader_win.cc(123)] NtOpenThread: {Acesso Negado} Um processo solicitou acesso a um objeto, mas o direito de acesso não lhe foi concedido. (0xc0000022)
[0222/105350.214:ERROR:exception_snapshot_win.cc(88)] thread ID 11228 not found in process
[0222/105350.214:WARNING:crash_report_exception_handler.cc(62)] ProcessSnapshotWin::Initialize failed
[0222/110417.049:ERROR:prune_crash_reports.cc(34)] PruneCrashReportDatabase: Failed to get pending reports
[0222/110511.206:ERROR:prune_crash_reports.cc(34)] PruneCrashReportDatabase: Failed to get pending reports
[0222/110719.140:ERROR:prune_crash_reports.cc(34)] PruneCrashReportDatabase: Failed to get pending reports
[0222/110820.684:ERROR:prune_crash_reports.cc(34)] PruneCrashReportDatabase: Failed to get pending reports
[0222/110954.317:ERROR:prune_crash_reports.cc(34)] PruneCrashReportDatabase: Failed to get pending reports
[0222/111259.471:ERROR:prune_crash_reports.cc(34)] PruneCrashReportDatabase: Failed to get pending reports
[0222/111506.116:ERROR:prune_crash_reports.cc(34)] PruneCrashReportDatabase: Failed to get pending reports
[0222/111658.445:ERROR:prune_crash_reports.cc(34)] PruneCrashReportDatabase: Failed to get pending reports
[0222/114230.053:ERROR:prune_crash_reports.cc(34)] PruneCrashReportDatabase: Failed to get pending reports
[0222/114847.688:ERROR:prune_crash_reports.cc(34)] PruneCrashReportDatabase: Failed to get pending reports
[0222/115059.292:ERROR:process_reader_win.cc(123)] NtOpenThread: {Acesso Negado} Um processo solicitou acesso a um objeto, mas o direito de acesso não lhe foi concedido. (0xc0000022)
[0222/115059.292:ERROR:exception_snapshot_win.cc(88)] thread ID 1212 not found in process
[0222/115059.292:WARNING:crash_report_exception_handler.cc(62)] ProcessSnapshotWin::Initialize failed
[0222/135243.126:ERROR:prune_crash_reports.cc(34)] PruneCrashReportDatabase: Failed to get pending reports
[0222/140451.682:ERROR:prune_crash_reports.cc(34)] PruneCrashReportDatabase: Failed to get pending reports
[0222/140805.536:ERROR:process_reader_win.cc(123)] NtOpenThread: {Acesso Negado} Um processo solicitou acesso a um objeto, mas o direito de acesso não lhe foi concedido. (0xc0000022)
[0222/140805.536:ERROR:exception_snapshot_win.cc(88)] thread ID 11792 not found in process
[0222/140805.536:WARNING:crash_report_exception_handler.cc(62)] ProcessSnapshotWin::Initialize failed
[0222/142602.568:ERROR:process_reader_win.cc(123)] NtOpenThread: {Acesso Negado} Um processo solicitou acesso a um objeto, mas o direito de acesso não lhe foi concedido. (0xc0000022)
[0222/142602.568:ERROR:exception_snapshot_win.cc(88)] thread ID 7072 not found in process
[0222/142602.568:WARNING:crash_report_exception_handler.cc(62)] ProcessSnapshotWin::Initialize failed
[0222/143904.370:ERROR:process_reader_win.cc(123)] NtOpenThread: {Acesso Negado} Um processo solicitou acesso a um objeto, mas o direito de acesso não lhe foi concedido. (0xc0000022)
[0222/143904.386:ERROR:exception_snapshot_win.cc(88)] thread ID 1484 not found in process
[0222/143904.386:WARNING:crash_report_exception_handler.cc(62)] ProcessSnapshotWin::Initialize failed
[0222/145538.186:ERROR:process_reader_win.cc(123)] NtOpenThread: {Acesso Negado} Um processo solicitou acesso a um objeto, mas o direito de acesso não lhe foi concedido. (0xc0000022)
[0222/145538.186:ERROR:exception_snapshot_win.cc(88)] thread ID 3932 not found in process
[0222/145538.186:WARNING:crash_report_exception_handler.cc(62)] ProcessSnapshotWin::Initialize failed
[0301/104712.241:ERROR:process_reader_win.cc(123)] NtOpenThread: {Acesso Negado} Um processo solicitou acesso a um objeto, mas o direito de acesso não lhe foi concedido. (0xc0000022)
[0301/104712.262:ERROR:exception_snapshot_win.cc(88)] thread ID 10360 not found in process
[0301/104712.262:WARNING:crash_report_exception_handler.cc(62)] ProcessSnapshotWin::Initialize failed
[0301/105730.323:ERROR:prune_crash_reports.cc(34)] PruneCrashReportDatabase: Failed to get pending reports
[0301/114452.430:ERROR:prune_crash_reports.cc(34)] PruneCrashReportDatabase: Failed to get pending reports
[0301/114840.134:ERROR:process_reader_win.cc(123)] NtOpenThread: {Acesso Negado} Um processo solicitou acesso a um objeto, mas o direito de acesso não lhe foi concedido. (0xc0000022)
[0301/114840.135:ERROR:exception_snapshot_win.cc(88)] thread ID 13812 not found in process
[0301/114840.135:WARNING:crash_report_exception_handler.cc(62)] ProcessSnapshotWin::Initialize failed
[0301/115258.590:ERROR:process_reader_win.cc(123)] NtOpenThread: {Acesso Negado} Um processo solicitou acesso a um objeto, mas o direito de acesso não lhe foi concedido. (0xc0000022)
[0301/115258.591:ERROR:exception_snapshot_win.cc(88)] thread ID 13952 not found in process
[0301/115258.591:WARNING:crash_report_exception_handler.cc(62)] ProcessSnapshotWin::Initialize failed
[0301/120450.872:ERROR:prune_crash_reports.cc(34)] PruneCrashReportDatabase: Failed to get pending reports
[0301/141002.417:ERROR:prune_crash_reports.cc(34)] PruneCrashReportDatabase: Failed to get pending reports
[0301/142304.113:ERROR:process_reader_win.cc(123)] NtOpenThread: {Acesso Negado} Um processo solicitou acesso a um objeto, mas o direito de acesso não lhe foi concedido. (0xc0000022)
[0301/142304.113:ERROR:exception_snapshot_win.cc(88)] thread ID 7336 not found in process
[0301/142304.113:WARNING:crash_report_exception_handler.cc(62)] ProcessSnapshotWin::Initialize failed
[0301/142754.798:ERROR:process_reader_win.cc(123)] NtOpenThread: {Acesso Negado} Um processo solicitou acesso a um objeto, mas o direito de acesso não lhe foi concedido. (0xc0000022)
[0301/142754.798:ERROR:exception_snapshot_win.cc(88)] thread ID 14052 not found in process
[0301/142754.798:WARNING:crash_report_exception_handler.cc(62)] ProcessSnapshotWin::Initialize failed
[0301/142949.871:ERROR:process_reader_win.cc(123)] NtOpenThread: {Acesso Negado} Um processo solicitou acesso a um objeto, mas o direito de acesso não lhe foi concedido. (0xc0000022)
[0301/142949.871:ERROR:exception_snapshot_win.cc(88)] thread ID 1416 not found in process
[0301/142949.871:WARNING:crash_report_exception_handler.cc(62)] ProcessSnapshotWin::Initialize failed
[0301/144009.788:ERROR:prune_crash_reports.cc(34)] PruneCrashReportDatabase: Failed to get pending reports
[0301/145140.647:ERROR:prune_crash_reports.cc(34)] PruneCrashReportDatabase: Failed to get pending reports
[0301/150950.455:ERROR:prune_crash_reports.cc(34)] PruneCrashReportDatabase: Failed to get pending reports
[0301/151039.860:ERROR:prune_crash_reports.cc(34)] PruneCrashReportDatabase: Failed to get pending reports
[0301/151828.482:ERROR:prune_crash_reports.cc(34)] PruneCrashReportDatabase: Failed to get pending reports
[0301/151935.828:ERROR:prune_crash_reports.cc(34)] PruneCrashReportDatabase: Failed to get pending reports
[0301/183436.982:ERROR:prune_crash_reports.cc(34)] PruneCrashReportDatabase: Failed to get pending reports
[0301/183634.445:ERROR:prune_crash_reports.cc(34)] PruneCrashReportDatabase: Failed to get pending reports
[0301/183722.450:ERROR:prune_crash_reports.cc(34)] PruneCrashReportDatabase: Failed to get pending reports
[0304/123038.667:ERROR:prune_crash_reports.cc(34)] PruneCrashReportDatabase: Failed to get pending reports
[0304/123311.892:ERROR:process_reader_win.cc(123)] NtOpenThread: {Acesso Negado} Um processo solicitou acesso a um objeto, mas o direito de acesso não lhe foi concedido. (0xc0000022)
[0304/123311.968:ERROR:exception_snapshot_win.cc(88)] thread ID 12532 not found in process
[0304/123311.968:WARNING:crash_report_exception_handler.cc(62)] ProcessSnapshotWin::Initialize failed
[0304/124358.656:ERROR:prune_crash_reports.cc(34)] PruneCrashReportDatabase: Failed to get pending reports
[0304/124634.662:ERROR:prune_crash_reports.cc(34)] PruneCrashReportDatabase: Failed to get pending reports
[0304/124958.872:ERROR:prune_crash_reports.cc(34)] PruneCrashReportDatabase: Failed to get pending reports
[0304/131517.346:ERROR:prune_crash_reports.cc(34)] PruneCrashReportDatabase: Failed to get pending reports
[0304/142519.593:ERROR:prune_crash_reports.cc(34)] PruneCrashReportDatabase: Failed to get pending reports
[0304/142818.989:ERROR:prune_crash_reports.cc(34)] PruneCrashReportDatabase: Failed to get pending reports
[0304/143434.687:ERROR:prune_crash_reports.cc(34)] PruneCrashReportDatabase: Failed to get pending reports
[0304/143607.760:ERROR:process_reader_win.cc(123)] NtOpenThread: {Acesso Negado} Um processo solicitou acesso a um objeto, mas o direito de acesso não lhe foi concedido. (0xc0000022)
[0304/143607.760:ERROR:exception_snapshot_win.cc(88)] thread ID 15940 not found in process
[0304/143607.760:WARNING:crash_report_exception_handler.cc(62)] ProcessSnapshotWin::Initialize failed
[0304/143805.034:ERROR:process_reader_win.cc(123)] NtOpenThread: {Acesso Negado} Um processo solicitou acesso a um objeto, mas o direito de acesso não lhe foi concedido. (0xc0000022)
[0304/143805.038:ERROR:exception_snapshot_win.cc(88)] thread ID 1336 not found in process
[0304/143805.038:WARNING:crash_report_exception_handler.cc(62)] ProcessSnapshotWin::Initialize failed
[0304/174535.234:ERROR:prune_crash_reports.cc(34)] PruneCrashReportDatabase: Failed to get pending reports
[0304/174613.302:ERROR:prune_crash_reports.cc(34)] PruneCrashReportDatabase: Failed to get pending reports
[0304/175523.909:ERROR:process_reader_win.cc(123)] NtOpenThread: {Acesso Negado} Um processo solicitou acesso a um objeto, mas o direito de acesso não lhe foi concedido. (0xc0000022)
[0304/175523.910:ERROR:exception_snapshot_win.cc(88)] thread ID 2736 not found in process
[0304/175523.910:WARNING:crash_report_exception_handler.cc(62)] ProcessSnapshotWin::Initialize failed
[0304/175711.953:ERROR:process_reader_win.cc(123)] NtOpenThread: {Acesso Negado} Um processo solicitou acesso a um objeto, mas o direito de acesso não lhe foi concedido. (0xc0000022)
[0304/175711.954:ERROR:exception_snapshot_win.cc(88)] thread ID 12912 not found in process
[0304/175711.954:WARNING:crash_report_exception_handler.cc(62)] ProcessSnapshotWin::Initialize failed
[0304/180223.067:ERROR:process_reader_win.cc(123)] NtOpenThread: {Acesso Negado} Um processo solicitou acesso a um objeto, mas o direito de acesso não lhe foi concedido. (0xc0000022)
[0304/180223.069:ERROR:exception_snapshot_win.cc(88)] thread ID 13692 not found in process
[0304/180223.069:WARNING:crash_report_exception_handler.cc(62)] ProcessSnapshotWin::Initialize failed
[0304/180350.008:ERROR:process_reader_win.cc(123)] NtOpenThread: {Acesso Negado} Um processo solicitou acesso a um objeto, mas o direito de acesso não lhe foi concedido. (0xc0000022)
[0304/180350.009:ERROR:exception_snapshot_win.cc(88)] thread ID 14076 not found in process
[0304/180350.009:WARNING:crash_report_exception_handler.cc(62)] ProcessSnapshotWin::Initialize failed
[0304/180545.684:ERROR:process_reader_win.cc(123)] NtOpenThread: {Acesso Negado} Um processo solicitou acesso a um objeto, mas o direito de acesso não lhe foi concedido. (0xc0000022)
[0304/180545.685:ERROR:exception_snapshot_win.cc(88)] thread ID 616 not found in process
[0304/180545.685:WARNING:crash_report_exception_handler.cc(62)] ProcessSnapshotWin::Initialize failed
[0304/180722.321:ERROR:process_reader_win.cc(123)] NtOpenThread: {Acesso Negado} Um processo solicitou acesso a um objeto, mas o direito de acesso não lhe foi concedido. (0xc0000022)
[0304/180722.322:ERROR:exception_snapshot_win.cc(88)] thread ID 15680 not found in process
[0304/180722.322:WARNING:crash_report_exception_handler.cc(62)] ProcessSnapshotWin::Initialize failed
[0304/181020.619:ERROR:process_reader_win.cc(123)] NtOpenThread: {Acesso Negado} Um processo solicitou acesso a um objeto, mas o direito de acesso não lhe foi concedido. (0xc0000022)
[0304/181020.621:ERROR:exception_snapshot_win.cc(88)] thread ID 12424 not found in process
[0304/181020.621:WARNING:crash_report_exception_handler.cc(62)] ProcessSnapshotWin::Initialize failed
[0304/181227.521:ERROR:process_reader_win.cc(123)] NtOpenThread: {Acesso Negado} Um processo solicitou acesso a um objeto, mas o direito de acesso não lhe foi concedido. (0xc0000022)
[0304/181227.521:ERROR:exception_snapshot_win.cc(88)] thread ID 14760 not found in process
[0304/181227.521:WARNING:crash_report_exception_handler.cc(62)] ProcessSnapshotWin::Initialize failed
[0304/181344.828:ERROR:process_reader_win.cc(123)] NtOpenThread: {Acesso Negado} Um processo solicitou acesso a um objeto, mas o direito de acesso não lhe foi concedido. (0xc0000022)
[0304/181344.829:ERROR:exception_snapshot_win.cc(88)] thread ID 1468 not found in process
[0304/181344.829:WARNING:crash_report_exception_handler.cc(62)] ProcessSnapshotWin::Initialize failed
[0305/094841.250:ERROR:prune_crash_reports.cc(34)] PruneCrashReportDatabase: Failed to get pending reports
[0305/095032.052:ERROR:prune_crash_reports.cc(34)] PruneCrashReportDatabase: Failed to get pending reports
[0305/113948.450:ERROR:prune_crash_reports.cc(34)] PruneCrashReportDatabase: Failed to get pending reports
[0305/114224.152:ERROR:prune_crash_reports.cc(34)] PruneCrashReportDatabase: Failed to get pending reports
[0305/114742.905:ERROR:prune_crash_reports.cc(34)] PruneCrashReportDatabase: Failed to get pending reports
[0305/141007.204:ERROR:process_reader_win.cc(123)] NtOpenThread: {Acesso Negado} Um processo solicitou acesso a um objeto, mas o direito de acesso não lhe foi concedido. (0xc0000022)
[0305/141007.205:ERROR:exception_snapshot_win.cc(88)] thread ID 1228 not found in process
[0305/141007.205:WARNING:crash_report_exception_handler.cc(62)] ProcessSnapshotWin::Initialize failed
[0305/142304.900:ERROR:process_reader_win.cc(123)] NtOpenThread: {Acesso Negado} Um processo solicitou acesso a um objeto, mas o direito de acesso não lhe foi concedido. (0xc0000022)
[0305/142304.901:ERROR:exception_snapshot_win.cc(88)] thread ID 12404 not found in process
[0305/142304.901:WARNING:crash_report_exception_handler.cc(62)] ProcessSnapshotWin::Initialize failed
[0305/143335.869:ERROR:prune_crash_reports.cc(34)] PruneCrashReportDatabase: Failed to get pending reports
[0305/144429.222:ERROR:prune_crash_reports.cc(34)] PruneCrashReportDatabase: Failed to get pending reports
[0305/144452.430:ERROR:process_reader_win.cc(123)] NtOpenThread: {Acesso Negado} Um processo solicitou acesso a um objeto, mas o direito de acesso não lhe foi concedido. (0xc0000022)
[0305/144452.430:ERROR:exception_snapshot_win.cc(88)] thread ID 11896 not found in process
[0305/144452.430:WARNING:crash_report_exception_handler.cc(62)] ProcessSnapshotWin::Initialize failed
[0305/145554.656:ERROR:prune_crash_reports.cc(34)] PruneCrashReportDatabase: Failed to get pending reports
[0305/161324.100:ERROR:prune_crash_reports.cc(34)] PruneCrashReportDatabase: Failed to get pending reports
[0305/162001.637:ERROR:prune_crash_reports.cc(34)] PruneCrashReportDatabase: Failed to get pending reports
[0305/162206.091:ERROR:process_reader_win.cc(123)] NtOpenThread: {Acesso Negado} Um processo solicitou acesso a um objeto, mas o direito de acesso não lhe foi concedido. (0xc0000022)
[0305/162206.093:ERROR:exception_snapshot_win.cc(88)] thread ID 11456 not found in process
[0305/162206.093:WARNING:crash_report_exception_handler.cc(62)] ProcessSnapshotWin::Initialize failed
[0305/163047.944:ERROR:process_reader_win.cc(123)] NtOpenThread: {Acesso Negado} Um processo solicitou acesso a um objeto, mas o direito de acesso não lhe foi concedido. (0xc0000022)
[0305/163047.944:ERROR:exception_snapshot_win.cc(88)] thread ID 1292 not found in process
[0305/163047.944:WARNING:crash_report_exception_handler.cc(62)] ProcessSnapshotWin::Initialize failed
[0305/163255.101:ERROR:process_reader_win.cc(123)] NtOpenThread: {Acesso Negado} Um processo solicitou acesso a um objeto, mas o direito de acesso não lhe foi concedido. (0xc0000022)
[0305/163255.101:ERROR:exception_snapshot_win.cc(88)] thread ID 4036 not found in process
[0305/163255.101:WARNING:crash_report_exception_handler.cc(62)] ProcessSnapshotWin::Initialize failed
[0305/165756.394:ERROR:process_reader_win.cc(123)] NtOpenThread: {Acesso Negado} Um processo solicitou acesso a um objeto, mas o direito de acesso não lhe foi concedido. (0xc0000022)
[0305/165756.394:ERROR:exception_snapshot_win.cc(88)] thread ID 7992 not found in process
[0305/165756.394:WARNING:crash_report_exception_handler.cc(62)] ProcessSnapshotWin::Initialize failed
[0305/174850.401:ERROR:prune_crash_reports.cc(34)] PruneCrashReportDatabase: Failed to get pending reports
[0305/204657.634:ERROR:process_reader_win.cc(123)] NtOpenThread: {Acesso Negado} Um processo solicitou acesso a um objeto, mas o direito de acesso não lhe foi concedido. (0xc0000022)
[0305/204657.634:ERROR:exception_snapshot_win.cc(88)] thread ID 12596 not found in process
[0305/204657.634:WARNING:crash_report_exception_handler.cc(62)] ProcessSnapshotWin::Initialize failed
[0305/205026.532:ERROR:process_reader_win.cc(123)] NtOpenThread: {Acesso Negado} Um processo solicitou acesso a um objeto, mas o direito de acesso não lhe foi concedido. (0xc0000022)
[0305/205026.532:ERROR:exception_snapshot_win.cc(88)] thread ID 15324 not found in process
[0305/205026.532:WARNING:crash_report_exception_handler.cc(62)] ProcessSnapshotWin::Initialize failed
[0305/210905.756:ERROR:process_reader_win.cc(123)] NtOpenThread: {Acesso Negado} Um processo solicitou acesso a um objeto, mas o direito de acesso não lhe foi concedido. (0xc0000022)
[0305/210905.756:ERROR:exception_snapshot_win.cc(88)] thread ID 12836 not found in process
[0305/210905.756:WARNING:crash_report_exception_handler.cc(62)] ProcessSnapshotWin::Initialize failed
[0305/211334.201:ERROR:process_reader_win.cc(123)] NtOpenThread: {Acesso Negado} Um processo solicitou acesso a um objeto, mas o direito de acesso não lhe foi concedido. (0xc0000022)
[0305/211334.201:ERROR:exception_snapshot_win.cc(88)] thread ID 16260 not found in process
[0305/211334.201:WARNING:crash_report_exception_handler.cc(62)] ProcessSnapshotWin::Initialize failed
[0305/211431.219:ERROR:process_reader_win.cc(123)] NtOpenThread: {Acesso Negado} Um processo solicitou acesso a um objeto, mas o direito de acesso não lhe foi concedido. (0xc0000022)
[0305/211431.219:ERROR:exception_snapshot_win.cc(88)] thread ID 11596 not found in process
[0305/211431.219:WARNING:crash_report_exception_handler.cc(62)] ProcessSnapshotWin::Initialize failed
[0305/211645.638:ERROR:process_reader_win.cc(123)] NtOpenThread: {Acesso Negado} Um processo solicitou acesso a um objeto, mas o direito de acesso não lhe foi concedido. (0xc0000022)
[0305/211645.638:ERROR:exception_snapshot_win.cc(88)] thread ID 10520 not found in process
[0305/211645.638:WARNING:crash_report_exception_handler.cc(62)] ProcessSnapshotWin::Initialize failed
[0305/214045.312:ERROR:process_reader_win.cc(123)] NtOpenThread: {Acesso Negado} Um processo solicitou acesso a um objeto, mas o direito de acesso não lhe foi concedido. (0xc0000022)
[0305/214045.312:ERROR:exception_snapshot_win.cc(88)] thread ID 10952 not found in process
[0305/214045.312:WARNING:crash_report_exception_handler.cc(62)] ProcessSnapshotWin::Initialize failed
[0305/214124.886:ERROR:process_reader_win.cc(123)] NtOpenThread: {Acesso Negado} Um processo solicitou acesso a um objeto, mas o direito de acesso não lhe foi concedido. (0xc0000022)
[0305/214124.886:ERROR:exception_snapshot_win.cc(88)] thread ID 9460 not found in process
[0305/214124.886:WARNING:crash_report_exception_handler.cc(62)] ProcessSnapshotWin::Initialize failed
[0305/214424.399:ERROR:process_reader_win.cc(123)] NtOpenThread: {Acesso Negado} Um processo solicitou acesso a um objeto, mas o direito de acesso não lhe foi concedido. (0xc0000022)
[0305/214424.399:ERROR:exception_snapshot_win.cc(88)] thread ID 2148 not found in process
[0305/214424.399:WARNING:crash_report_exception_handler.cc(62)] ProcessSnapshotWin::Initialize failed
[0305/214730.318:ERROR:process_reader_win.cc(123)] NtOpenThread: {Acesso Negado} Um processo solicitou acesso a um objeto, mas o direito de acesso não lhe foi concedido. (0xc0000022)
[0305/214730.318:ERROR:exception_snapshot_win.cc(88)] thread ID 4160 not found in process
[0305/214730.318:WARNING:crash_report_exception_handler.cc(62)] ProcessSnapshotWin::Initialize failed
[0305/214941.254:ERROR:process_reader_win.cc(123)] NtOpenThread: {Acesso Negado} Um processo solicitou acesso a um objeto, mas o direito de acesso não lhe foi concedido. (0xc0000022)
[0305/214941.254:ERROR:exception_snapshot_win.cc(88)] thread ID 13780 not found in process
[0305/214941.254:WARNING:crash_report_exception_handler.cc(62)] ProcessSnapshotWin::Initialize failed
[0305/215136.620:ERROR:process_reader_win.cc(123)] NtOpenThread: {Acesso Negado} Um processo solicitou acesso a um objeto, mas o direito de acesso não lhe foi concedido. (0xc0000022)
[0305/215136.620:ERROR:exception_snapshot_win.cc(88)] thread ID 1036 not found in process
[0305/215136.620:WARNING:crash_report_exception_handler.cc(62)] ProcessSnapshotWin::Initialize failed
[0305/215413.952:ERROR:process_reader_win.cc(123)] NtOpenThread: {Acesso Negado} Um processo solicitou acesso a um objeto, mas o direito de acesso não lhe foi concedido. (0xc0000022)
[0305/215413.952:ERROR:exception_snapshot_win.cc(88)] thread ID 10332 not found in process
[0305/215413.952:WARNING:crash_report_exception_handler.cc(62)] ProcessSnapshotWin::Initialize failed
[0305/215455.679:ERROR:process_reader_win.cc(123)] NtOpenThread: {Acesso Negado} Um processo solicitou acesso a um objeto, mas o direito de acesso não lhe foi concedido. (0xc0000022)
[0305/215455.679:ERROR:exception_snapshot_win.cc(88)] thread ID 8876 not found in process
[0305/215455.679:WARNING:crash_report_exception_handler.cc(62)] ProcessSnapshotWin::Initialize failed
[0305/215607.912:ERROR:process_reader_win.cc(123)] NtOpenThread: {Acesso Negado} Um processo solicitou acesso a um objeto, mas o direito de acesso não lhe foi concedido. (0xc0000022)
[0305/215607.912:ERROR:exception_snapshot_win.cc(88)] thread ID 14580 not found in process
[0305/215607.912:WARNING:crash_report_exception_handler.cc(62)] ProcessSnapshotWin::Initialize failed
[0305/215825.445:ERROR:process_reader_win.cc(123)] NtOpenThread: {Acesso Negado} Um processo solicitou acesso a um objeto, mas o direito de acesso não lhe foi concedido. (0xc0000022)
[0305/215825.445:ERROR:exception_snapshot_win.cc(88)] thread ID 16192 not found in process
[0305/215825.445:WARNING:crash_report_exception_handler.cc(62)] ProcessSnapshotWin::Initialize failed
[0305/215934.945:ERROR:process_reader_win.cc(123)] NtOpenThread: {Acesso Negado} Um processo solicitou acesso a um objeto, mas o direito de acesso não lhe foi concedido. (0xc0000022)
[0305/215934.945:ERROR:exception_snapshot_win.cc(88)] thread ID 12004 not found in process
[0305/215934.945:WARNING:crash_report_exception_handler.cc(62)] ProcessSnapshotWin::Initialize failed
[0305/220015.638:ERROR:process_reader_win.cc(123)] NtOpenThread: {Acesso Negado} Um processo solicitou acesso a um objeto, mas o direito de acesso não lhe foi concedido. (0xc0000022)
[0305/220015.638:ERROR:exception_snapshot_win.cc(88)] thread ID 6504 not found in process
[0305/220015.638:WARNING:crash_report_exception_handler.cc(62)] ProcessSnapshotWin::Initialize failed
[0305/220156.790:ERROR:process_reader_win.cc(123)] NtOpenThread: {Acesso Negado} Um processo solicitou acesso a um objeto, mas o direito de acesso não lhe foi concedido. (0xc0000022)
[0305/220156.790:ERROR:exception_snapshot_win.cc(88)] thread ID 11528 not found in process
[0305/220156.790:WARNING:crash_report_exception_handler.cc(62)] ProcessSnapshotWin::Initialize failed
[0305/220545.957:ERROR:process_reader_win.cc(123)] NtOpenThread: {Acesso Negado} Um processo solicitou acesso a um objeto, mas o direito de acesso não lhe foi concedido. (0xc0000022)
[0305/220545.957:ERROR:exception_snapshot_win.cc(88)] thread ID 11268 not found in process
[0305/220545.957:WARNING:crash_report_exception_handler.cc(62)] ProcessSnapshotWin::Initialize failed
[0305/220635.728:ERROR:process_reader_win.cc(123)] NtOpenThread: {Acesso Negado} Um processo solicitou acesso a um objeto, mas o direito de acesso não lhe foi concedido. (0xc0000022)
[0305/220635.728:ERROR:exception_snapshot_win.cc(88)] thread ID 5792 not found in process
[0305/220635.728:WARNING:crash_report_exception_handler.cc(62)] ProcessSnapshotWin::Initialize failed
[0305/220959.861:ERROR:process_reader_win.cc(123)] NtOpenThread: {Acesso Negado} Um processo solicitou acesso a um objeto, mas o direito de acesso não lhe foi concedido. (0xc0000022)
[0305/220959.861:ERROR:exception_snapshot_win.cc(88)] thread ID 13908 not found in process
[0305/220959.861:WARNING:crash_report_exception_handler.cc(62)] ProcessSnapshotWin::Initialize failed
[0305/221152.445:ERROR:process_reader_win.cc(123)] NtOpenThread: {Acesso Negado} Um processo solicitou acesso a um objeto, mas o direito de acesso não lhe foi concedido. (0xc0000022)
[0305/221152.445:ERROR:exception_snapshot_win.cc(88)] thread ID 10916 not found in process
[0305/221152.445:WARNING:crash_report_exception_handler.cc(62)] ProcessSnapshotWin::Initialize failed
[0305/221421.874:ERROR:process_reader_win.cc(123)] NtOpenThread: {Acesso Negado} Um processo solicitou acesso a um objeto, mas o direito de acesso não lhe foi concedido. (0xc0000022)
[0305/221421.874:ERROR:exception_snapshot_win.cc(88)] thread ID 5656 not found in process
[0305/221421.874:WARNING:crash_report_exception_handler.cc(62)] ProcessSnapshotWin::Initialize failed
[0305/231609.354:ERROR:prune_crash_reports.cc(34)] PruneCrashReportDatabase: Failed to get pending reports
[0305/231751.414:ERROR:prune_crash_reports.cc(34)] PruneCrashReportDatabase: Failed to get pending reports
[0306/140807.990:ERROR:process_reader_win.cc(123)] NtOpenThread: {Acesso Negado} Um processo solicitou acesso a um objeto, mas o direito de acesso não lhe foi concedido. (0xc0000022)
[0306/140807.990:ERROR:exception_snapshot_win.cc(88)] thread ID 688 not found in process
[0306/140807.990:WARNING:crash_report_exception_handler.cc(62)] ProcessSnapshotWin::Initialize failed
[0306/143048.535:ERROR:process_reader_win.cc(123)] NtOpenThread: {Acesso Negado} Um processo solicitou acesso a um objeto, mas o direito de acesso não lhe foi concedido. (0xc0000022)
[0306/143048.535:ERROR:exception_snapshot_win.cc(88)] thread ID 12432 not found in process
[0306/143048.535:WARNING:crash_report_exception_handler.cc(62)] ProcessSnapshotWin::Initialize failed
[0306/144103.923:ERROR:prune_crash_reports.cc(34)] PruneCrashReportDatabase: Failed to get pending reports
[0306/151834.609:ERROR:prune_crash_reports.cc(34)] PruneCrashReportDatabase: Failed to get pending reports
[0306/152354.003:ERROR:prune_crash_reports.cc(34)] PruneCrashReportDatabase: Failed to get pending reports
[0306/152445.946:ERROR:process_reader_win.cc(123)] NtOpenThread: {Acesso Negado} Um processo solicitou acesso a um objeto, mas o direito de acesso não lhe foi concedido. (0xc0000022)
[0306/152445.948:ERROR:exception_snapshot_win.cc(88)] thread ID 2724 not found in process
[0306/152445.948:WARNING:crash_report_exception_handler.cc(62)] ProcessSnapshotWin::Initialize failed
[0306/153706.768:ERROR:prune_crash_reports.cc(34)] PruneCrashReportDatabase: Failed to get pending reports
[0306/154315.381:ERROR:prune_crash_reports.cc(34)] PruneCrashReportDatabase: Failed to get pending reports
[0306/155652.373:ERROR:process_reader_win.cc(123)] NtOpenThread: {Acesso Negado} Um processo solicitou acesso a um objeto, mas o direito de acesso não lhe foi concedido. (0xc0000022)
[0306/155652.373:ERROR:exception_snapshot_win.cc(88)] thread ID 15152 not found in process
[0306/155652.373:WARNING:crash_report_exception_handler.cc(62)] ProcessSnapshotWin::Initialize failed
[0306/160729.422:ERROR:prune_crash_reports.cc(34)] PruneCrashReportDatabase: Failed to get pending reports
[0306/161729.315:ERROR:process_reader_win.cc(123)] NtOpenThread: {Acesso Negado} Um processo solicitou acesso a um objeto, mas o direito de acesso não lhe foi concedido. (0xc0000022)
[0306/161729.315:ERROR:exception_snapshot_win.cc(88)] thread ID 5156 not found in process
[0306/161729.315:WARNING:crash_report_exception_handler.cc(62)] ProcessSnapshotWin::Initialize failed
[0312/120340.204:ERROR:prune_crash_reports.cc(34)] PruneCrashReportDatabase: Failed to get pending reports
[0312/141859.115:ERROR:prune_crash_reports.cc(34)] PruneCrashReportDatabase: Failed to get pending reports
[0312/142421.251:ERROR:prune_crash_reports.cc(34)] PruneCrashReportDatabase: Failed to get pending reports
[0312/143958.417:ERROR:process_reader_win.cc(151)] SuspendThread: Acesso negado. (0x5)
[0312/143958.418:ERROR:process_reader_win.cc(151)] SuspendThread: Acesso negado. (0x5)
[0312/143958.418:ERROR:process_reader_win.cc(151)] SuspendThread: Acesso negado. (0x5)
[0312/143958.418:ERROR:process_reader_win.cc(151)] SuspendThread: Acesso negado. (0x5)
[0312/143958.418:ERROR:process_reader_win.cc(123)] NtOpenThread: {Acesso Negado} Um processo solicitou acesso a um objeto, mas o direito de acesso não lhe foi concedido. (0xc0000022)
[0312/143958.432:ERROR:exception_snapshot_win.cc(88)] thread ID 7476 not found in process
[0312/143958.432:WARNING:crash_report_exception_handler.cc(62)] ProcessSnapshotWin::Initialize failed
[0312/150859.858:ERROR:process_reader_win.cc(123)] NtOpenThread: {Acesso Negado} Um processo solicitou acesso a um objeto, mas o direito de acesso não lhe foi concedido. (0xc0000022)
[0312/150859.858:ERROR:exception_snapshot_win.cc(88)] thread ID 9756 not found in process
[0312/150859.858:WARNING:crash_report_exception_handler.cc(62)] ProcessSnapshotWin::Initialize failed
[0312/151321.762:ERROR:process_reader_win.cc(123)] NtOpenThread: {Acesso Negado} Um processo solicitou acesso a um objeto, mas o direito de acesso não lhe foi concedido. (0xc0000022)
[0312/151321.763:ERROR:exception_snapshot_win.cc(88)] thread ID 8556 not found in process
[0312/151321.763:WARNING:crash_report_exception_handler.cc(62)] ProcessSnapshotWin::Initialize failed
[0312/151636.719:ERROR:process_reader_win.cc(123)] NtOpenThread: {Acesso Negado} Um processo solicitou acesso a um objeto, mas o direito de acesso não lhe foi concedido. (0xc0000022)
[0312/151636.720:ERROR:exception_snapshot_win.cc(88)] thread ID 2428 not found in process
[0312/151636.720:WARNING:crash_report_exception_handler.cc(62)] ProcessSnapshotWin::Initialize failed
[0312/152120.995:ERROR:process_reader_win.cc(123)] NtOpenThread: {Acesso Negado} Um processo solicitou acesso a um objeto, mas o direito de acesso não lhe foi concedido. (0xc0000022)
[0312/152121.010:ERROR:exception_snapshot_win.cc(88)] thread ID 4692 not found in process
[0312/152121.010:WARNING:crash_report_exception_handler.cc(62)] ProcessSnapshotWin::Initialize failed
[0312/153122.713:ERROR:process_reader_win.cc(123)] NtOpenThread: {Acesso Negado} Um processo solicitou acesso a um objeto, mas o direito de acesso não lhe foi concedido. (0xc0000022)
[0312/153122.714:ERROR:exception_snapshot_win.cc(88)] thread ID 7864 not found in process
[0312/153122.714:WARNING:crash_report_exception_handler.cc(62)] ProcessSnapshotWin::Initialize failed
[0312/153409.348:ERROR:process_reader_win.cc(123)] NtOpenThread: {Acesso Negado} Um processo solicitou acesso a um objeto, mas o direito de acesso não lhe foi concedido. (0xc0000022)
[0312/153409.349:ERROR:exception_snapshot_win.cc(88)] thread ID 13088 not found in process
[0312/153409.349:WARNING:crash_report_exception_handler.cc(62)] ProcessSnapshotWin::Initialize failed
[0312/154611.332:ERROR:prune_crash_reports.cc(34)] PruneCrashReportDatabase: Failed to get pending reports
[0312/155231.192:ERROR:prune_crash_reports.cc(34)] PruneCrashReportDatabase: Failed to get pending reports
[0312/155404.601:ERROR:prune_crash_reports.cc(34)] PruneCrashReportDatabase: Failed to get pending reports
[0312/160232.614:ERROR:process_reader_win.cc(151)] SuspendThread: Acesso negado. (0x5)
[0312/160232.614:ERROR:process_reader_win.cc(151)] SuspendThread: Acesso negado. (0x5)
[0312/160232.614:ERROR:process_reader_win.cc(151)] SuspendThread: Acesso negado. (0x5)
[0312/160232.614:ERROR:process_reader_win.cc(151)] SuspendThread: Acesso negado. (0x5)
[0312/160232.614:ERROR:process_reader_win.cc(151)] SuspendThread: Acesso negado. (0x5)
[0312/160232.614:ERROR:process_reader_win.cc(123)] NtOpenThread: {Acesso Negado} Um processo solicitou acesso a um objeto, mas o direito de acesso não lhe foi concedido. (0xc0000022)
[0312/160232.614:ERROR:exception_snapshot_win.cc(88)] thread ID 13596 not found in process
[0312/160232.614:WARNING:crash_report_exception_handler.cc(62)] ProcessSnapshotWin::Initialize failed
[0312/162023.834:ERROR:prune_crash_reports.cc(34)] PruneCrashReportDatabase: Failed to get pending reports
[0312/171737.619:ERROR:prune_crash_reports.cc(34)] PruneCrashReportDatabase: Failed to get pending reports
[0312/172850.636:ERROR:process_reader_win.cc(123)] NtOpenThread: {Acesso Negado} Um processo solicitou acesso a um objeto, mas o direito de acesso não lhe foi concedido. (0xc0000022)
[0312/172850.639:ERROR:exception_snapshot_win.cc(88)] thread ID 8844 not found in process
[0312/172850.639:WARNING:crash_report_exception_handler.cc(62)] ProcessSnapshotWin::Initialize failed
[0312/172942.191:ERROR:process_reader_win.cc(123)] NtOpenThread: {Acesso Negado} Um processo solicitou acesso a um objeto, mas o direito de acesso não lhe foi concedido. (0xc0000022)
[0312/172942.194:ERROR:exception_snapshot_win.cc(88)] thread ID 16160 not found in process
[0312/172942.194:WARNING:crash_report_exception_handler.cc(62)] ProcessSnapshotWin::Initialize failed
[0312/173758.419:ERROR:process_reader_win.cc(123)] NtOpenThread: {Acesso Negado} Um processo solicitou acesso a um objeto, mas o direito de acesso não lhe foi concedido. (0xc0000022)
[0312/173758.420:ERROR:exception_snapshot_win.cc(88)] thread ID 14132 not found in process
[0312/173758.420:WARNING:crash_report_exception_handler.cc(62)] ProcessSnapshotWin::Initialize failed
[0312/174854.359:ERROR:prune_crash_reports.cc(34)] PruneCrashReportDatabase: Failed to get pending reports
[0312/175026.153:ERROR:prune_crash_reports.cc(34)] PruneCrashReportDatabase: Failed to get pending reports
[0312/175131.019:ERROR:process_reader_win.cc(151)] SuspendThread: Acesso negado. (0x5)
[0312/175131.020:ERROR:process_reader_win.cc(151)] SuspendThread: Acesso negado. (0x5)
[0312/175131.020:ERROR:process_reader_win.cc(151)] SuspendThread: Acesso negado. (0x5)
[0312/175131.020:ERROR:process_reader_win.cc(151)] SuspendThread: Acesso negado. (0x5)
[0312/175131.020:ERROR:process_reader_win.cc(151)] SuspendThread: Acesso negado. (0x5)
[0312/175131.020:ERROR:process_reader_win.cc(151)] SuspendThread: Acesso negado. (0x5)
[0312/175131.020:ERROR:process_reader_win.cc(151)] SuspendThread: Acesso negado. (0x5)
[0312/175131.020:ERROR:process_reader_win.cc(151)] SuspendThread: Acesso negado. (0x5)
[0312/175131.020:ERROR:process_reader_win.cc(151)] SuspendThread: Acesso negado. (0x5)
[0312/175131.020:ERROR:process_reader_win.cc(151)] SuspendThread: Acesso negado. (0x5)
[0312/175131.020:ERROR:process_reader_win.cc(151)] SuspendThread: Acesso negado. (0x5)
[0312/175131.020:ERROR:process_reader_win.cc(151)] SuspendThread: Acesso negado. (0x5)
[0312/175131.020:ERROR:process_reader_win.cc(151)] SuspendThread: Acesso negado. (0x5)
[0312/175131.020:ERROR:process_reader_win.cc(151)] SuspendThread: Acesso negado. (0x5)
[0312/175131.020:ERROR:process_reader_win.cc(151)] SuspendThread: Acesso negado. (0x5)
[0312/175131.020:ERROR:process_reader_win.cc(151)] SuspendThread: Acesso negado. (0x5)
[0312/175131.020:ERROR:process_reader_win.cc(151)] SuspendThread: Acesso negado. (0x5)
[0312/175131.020:ERROR:process_reader_win.cc(151)] SuspendThread: Acesso negado. (0x5)
[0312/175131.020:ERROR:process_reader_win.cc(151)] SuspendThread: Acesso negado. (0x5)
[0312/175131.020:ERROR:process_reader_win.cc(123)] NtOpenThread: {Acesso Negado} Um processo solicitou acesso a um objeto, mas o direito de acesso não lhe foi concedido. (0xc0000022)
[0312/175131.021:ERROR:exception_snapshot_win.cc(88)] thread ID 11764 not found in process
[0312/175131.021:WARNING:crash_report_exception_handler.cc(62)] ProcessSnapshotWin::Initialize failed
[0312/175131.076:ERROR:process_reader_win.cc(123)] NtOpenThread: {Acesso Negado} Um processo solicitou acesso a um objeto, mas o direito de acesso não lhe foi concedido. (0xc0000022)
[0312/175131.076:ERROR:exception_snapshot_win.cc(88)] thread ID 9556 not found in process
[0312/175131.076:WARNING:crash_report_exception_handler.cc(62)] ProcessSnapshotWin::Initialize failed
[0313/094443.306:ERROR:prune_crash_reports.cc(34)] PruneCrashReportDatabase: Failed to get pending reports
[0313/170357.645:ERROR:process_reader_win.cc(123)] NtOpenThread: {Acesso Negado} Um processo solicitou acesso a um objeto, mas o direito de acesso não lhe foi concedido. (0xc0000022)
[0313/170357.646:ERROR:exception_snapshot_win.cc(88)] thread ID 12556 not found in process
[0313/170357.646:WARNING:crash_report_exception_handler.cc(62)] ProcessSnapshotWin::Initialize failed
[0313/170357.680:ERROR:process_reader_win.cc(123)] NtOpenThread: {Acesso Negado} Um processo solicitou acesso a um objeto, mas o direito de acesso não lhe foi concedido. (0xc0000022)
[0313/170357.681:ERROR:exception_snapshot_win.cc(88)] thread ID 11992 not found in process
[0313/170357.681:WARNING:crash_report_exception_handler.cc(62)] ProcessSnapshotWin::Initialize failed
[0313/170629.625:ERROR:process_reader_win.cc(123)] NtOpenThread: {Acesso Negado} Um processo solicitou acesso a um objeto, mas o direito de acesso não lhe foi concedido. (0xc0000022)
[0313/170629.626:ERROR:exception_snapshot_win.cc(88)] thread ID 4472 not found in process
[0313/170629.626:WARNING:crash_report_exception_handler.cc(62)] ProcessSnapshotWin::Initialize failed
[0313/170904.448:ERROR:process_reader_win.cc(123)] NtOpenThread: {Acesso Negado} Um processo solicitou acesso a um objeto, mas o direito de acesso não lhe foi concedido. (0xc0000022)
[0313/170904.450:ERROR:exception_snapshot_win.cc(88)] thread ID 2124 not found in process
[0313/170904.450:WARNING:crash_report_exception_handler.cc(62)] ProcessSnapshotWin::Initialize failed
[0313/171229.521:ERROR:process_reader_win.cc(123)] NtOpenThread: {Acesso Negado} Um processo solicitou acesso a um objeto, mas o direito de acesso não lhe foi concedido. (0xc0000022)
[0313/171229.522:ERROR:exception_snapshot_win.cc(88)] thread ID 7624 not found in process
[0313/171229.522:WARNING:crash_report_exception_handler.cc(62)] ProcessSnapshotWin::Initialize failed
[0313/171734.444:ERROR:process_reader_win.cc(123)] NtOpenThread: {Acesso Negado} Um processo solicitou acesso a um objeto, mas o direito de acesso não lhe foi concedido. (0xc0000022)
[0313/171734.445:ERROR:exception_snapshot_win.cc(88)] thread ID 11832 not found in process
[0313/171734.445:WARNING:crash_report_exception_handler.cc(62)] ProcessSnapshotWin::Initialize failed
[0314/174056.546:ERROR:process_reader_win.cc(123)] NtOpenThread: {Acesso Negado} Um processo solicitou acesso a um objeto, mas o direito de acesso não lhe foi concedido. (0xc0000022)
[0314/174056.570:ERROR:exception_snapshot_win.cc(88)] thread ID 10676 not found in process
[0314/174056.570:WARNING:crash_report_exception_handler.cc(62)] ProcessSnapshotWin::Initialize failed
[0315/105158.867:ERROR:prune_crash_reports.cc(34)] PruneCrashReportDatabase: Failed to get pending reports
[0315/113810.431:ERROR:process_reader_win.cc(123)] NtOpenThread: {Acesso Negado} Um processo solicitou acesso a um objeto, mas o direito de acesso não lhe foi concedido. (0xc0000022)
[0315/113810.433:ERROR:exception_snapshot_win.cc(88)] thread ID 14600 not found in process
[0315/113810.433:WARNING:crash_report_exception_handler.cc(62)] ProcessSnapshotWin::Initialize failed
[0319/100601.483:ERROR:process_reader_win.cc(123)] NtOpenThread: {Acesso Negado} Um processo solicitou acesso a um objeto, mas o direito de acesso não lhe foi concedido. (0xc0000022)
[0319/100601.492:ERROR:exception_snapshot_win.cc(88)] thread ID 11980 not found in process
[0319/100601.492:WARNING:crash_report_exception_handler.cc(62)] ProcessSnapshotWin::Initialize failed
[0319/101611.003:ERROR:prune_crash_reports.cc(34)] PruneCrashReportDatabase: Failed to get pending reports
[0319/114948.437:ERROR:prune_crash_reports.cc(34)] PruneCrashReportDatabase: Failed to get pending reports
[0319/121855.698:ERROR:process_reader_win.cc(123)] NtOpenThread: {Acesso Negado} Um processo solicitou acesso a um objeto, mas o direito de acesso não lhe foi concedido. (0xc0000022)
[0319/121855.699:ERROR:exception_snapshot_win.cc(88)] thread ID 1284 not found in process
[0319/121855.699:WARNING:crash_report_exception_handler.cc(62)] ProcessSnapshotWin::Initialize failed
[0319/131747.439:ERROR:prune_crash_reports.cc(34)] PruneCrashReportDatabase: Failed to get pending reports
[0319/132417.702:ERROR:prune_crash_reports.cc(34)] PruneCrashReportDatabase: Failed to get pending reports
[0319/132852.419:ERROR:prune_crash_reports.cc(34)] PruneCrashReportDatabase: Failed to get pending reports
[0319/133827.772:ERROR:prune_crash_reports.cc(34)] PruneCrashReportDatabase: Failed to get pending reports
[0319/134047.780:ERROR:prune_crash_reports.cc(34)] PruneCrashReportDatabase: Failed to get pending reports
[0319/144338.274:ERROR:prune_crash_reports.cc(34)] PruneCrashReportDatabase: Failed to get pending reports
[0319/150308.004:ERROR:prune_crash_reports.cc(34)] PruneCrashReportDatabase: Failed to get pending reports
[0320/100507.120:ERROR:prune_crash_reports.cc(34)] PruneCrashReportDatabase: Failed to get pending reports
[0320/100742.345:ERROR:prune_crash_reports.cc(34)] PruneCrashReportDatabase: Failed to get pending reports
[0320/101609.106:ERROR:prune_crash_reports.cc(34)] PruneCrashReportDatabase: Failed to get pending reports
[0320/110940.157:ERROR:prune_crash_reports.cc(34)] PruneCrashReportDatabase: Failed to get pending reports
